[0m12:52:10.354678 [debug] [MainThread]: Sending event: {'category': 'dbt', 'action': 'invocation', 'label': 'start', 'context': [<snowplow_tracker.self_describing_json.SelfDescribingJson object at 0x00000117876E1160>, <snowplow_tracker.self_describing_json.SelfDescribingJson object at 0x000001178A0C4F50>, <snowplow_tracker.self_describing_json.SelfDescribingJson object at 0x000001178A0C4E10>]}


============================== 12:52:10.422353 | 285d0c01-958e-4d39-bccb-e7e2d5de7c9c ==============================
[0m12:52:10.422353 [info ] [MainThread]: Running with dbt=1.8.3
[0m12:52:10.423505 [debug] [MainThread]: running dbt with arguments {'printer_width': '80', 'indirect_selection': 'eager', 'log_cache_events': 'False', 'write_json': 'True', 'partial_parse': 'True', 'cache_selected_only': 'False', 'profiles_dir': 'C:\\Users\\drodriguesp\\.dbt', 'version_check': 'True', 'warn_error': 'None', 'log_path': 'logs', 'fail_fast': 'False', 'debug': 'False', 'use_colors': 'True', 'use_experimental_parser': 'False', 'empty': 'None', 'quiet': 'False', 'no_print': 'None', 'log_format': 'default', 'introspect': 'True', 'invocation_command': "dbt init 'primeiro_projeto'", 'warn_error_options': 'WarnErrorOptions(include=[], exclude=[])', 'target_path': 'None', 'static_parser': 'True', 'send_anonymous_usage_stats': 'True'}
[0m12:52:10.519013 [warn ] [MainThread]: [ConfigFolderDirectory]: Unable to parse logging event dictionary. Failed to parse dir field: expected string or bytes-like object, got 'WindowsPath'.. Dictionary: {'dir': WindowsPath('C:/Users/drodriguesp/.dbt')}
[0m12:52:10.520460 [info ] [MainThread]: Creating dbt configuration folder at 
[0m12:57:47.101490 [debug] [MainThread]: Starter project path: C:\Danilo\TEMP\dpadilha-sample\.venv\Lib\site-packages\dbt\include\starter_project
[0m12:57:47.289753 [info ] [MainThread]: 
Your new dbt project "dbt_primeiro_projeto" was created!

For more information on how to configure the profiles.yml file,
please consult the dbt documentation here:

  https://docs.getdbt.com/docs/configure-your-profile

One more thing:

Need help? Don't hesitate to reach out to us via GitHub issues or on Slack:

  https://community.getdbt.com/

Happy modeling!

[0m12:57:47.293695 [info ] [MainThread]: Setting up your profile.
[0m12:59:14.219633 [info ] [MainThread]: Profile dbt_primeiro_projeto written to C:\Users\drodriguesp\.dbt\profiles.yml using target's profile_template.yml and your supplied values. Run 'dbt debug' to validate the connection.
[0m12:59:14.222321 [debug] [MainThread]: Command `dbt init` succeeded at 12:59:14.222025 after 424.19 seconds
[0m12:59:14.223107 [debug] [MainThread]: Sending event: {'category': 'dbt', 'action': 'invocation', 'label': 'end', 'context': [<snowplow_tracker.self_describing_json.SelfDescribingJson object at 0x000001178B159E00>, <snowplow_tracker.self_describing_json.SelfDescribingJson object at 0x00000117898ADC70>, <snowplow_tracker.self_describing_json.SelfDescribingJson object at 0x000001178B111BF0>]}
[0m12:59:14.223748 [debug] [MainThread]: Flushing usage events
